The system is: Darwin - 17.7.0 - x86_64
Compiling the C compiler identification source file "CMakeCCompilerId.c" succeeded.
Compiler: /usr/local/Cellar/gcc_6/6.4.0_2/bin/gcc-6 
Build flags: 
Id flags:  

The output was:
0


Compilation of the C compiler identification source "CMakeCCompilerId.c" produced "a.out"

The C compiler identification is GNU, found in "/Users/alex/Documents/helpers_progect/PotreeConverter/cmake-build-gcc/CMakeFiles/3.9.6/CompilerIdC/a.out"

Compiling the CXX compiler identification source file "CMakeCXXCompilerId.cpp" succeeded.
Compiler: /usr/local/Cellar/gcc_6/6.4.0_2/bin/g++-6 
Build flags: 
Id flags:  

The output was:
0


Compilation of the CXX compiler identification source "CMakeCXXCompilerId.cpp" produced "a.out"

The CXX compiler identification is GNU, found in "/Users/alex/Documents/helpers_progect/PotreeConverter/cmake-build-gcc/CMakeFiles/3.9.6/CompilerIdCXX/a.out"

Determining if the C compiler works passed with the following output:
Change Dir: /Users/alex/Documents/helpers_progect/PotreeConverter/cmake-build-gcc/CMakeFiles/CMakeTmp

Run Build Command:"/usr/bin/make" "cmTC_e3013/fast"
/Applications/Xcode.app/Contents/Developer/usr/bin/make -f CMakeFiles/cmTC_e3013.dir/build.make CMakeFiles/cmTC_e3013.dir/build
Building C object CMakeFiles/cmTC_e3013.dir/testCCompiler.c.o
/usr/local/Cellar/gcc_6/6.4.0_2/bin/gcc-6    -o CMakeFiles/cmTC_e3013.dir/testCCompiler.c.o   -c /Users/alex/Documents/helpers_progect/PotreeConverter/cmake-build-gcc/CMakeFiles/CMakeTmp/testCCompiler.c
Linking C executable cmTC_e3013
/Applications/CLion.app/Contents/bin/cmake/bin/cmake -E cmake_link_script CMakeFiles/cmTC_e3013.dir/link.txt --verbose=1
/usr/local/Cellar/gcc_6/6.4.0_2/bin/gcc-6   -Wl,-search_paths_first -Wl,-headerpad_max_install_names   CMakeFiles/cmTC_e3013.dir/testCCompiler.c.o  -o cmTC_e3013 


Detecting C compiler ABI info compiled with the following output:
Change Dir: /Users/alex/Documents/helpers_progect/PotreeConverter/cmake-build-gcc/CMakeFiles/CMakeTmp

Run Build Command:"/usr/bin/make" "cmTC_e8515/fast"
/Applications/Xcode.app/Contents/Developer/usr/bin/make -f CMakeFiles/cmTC_e8515.dir/build.make CMakeFiles/cmTC_e8515.dir/build
Building C object CMakeFiles/cmTC_e8515.dir/CMakeCCompilerABI.c.o
/usr/local/Cellar/gcc_6/6.4.0_2/bin/gcc-6    -o CMakeFiles/cmTC_e8515.dir/CMakeCCompilerABI.c.o   -c /Applications/CLion.app/Contents/bin/cmake/share/cmake-3.9/Modules/CMakeCCompilerABI.c
Linking C executable cmTC_e8515
/Applications/CLion.app/Contents/bin/cmake/bin/cmake -E cmake_link_script CMakeFiles/cmTC_e8515.dir/link.txt --verbose=1
/usr/local/Cellar/gcc_6/6.4.0_2/bin/gcc-6   -Wl,-search_paths_first -Wl,-headerpad_max_install_names  -v -Wl,-v CMakeFiles/cmTC_e8515.dir/CMakeCCompilerABI.c.o  -o cmTC_e8515 
Using built-in specs.
COLLECT_GCC=/usr/local/Cellar/gcc_6/6.4.0_2/bin/gcc-6
COLLECT_LTO_WRAPPER=/usr/local/Cellar/gcc@6/6.4.0_2/libexec/gcc/x86_64-apple-darwin17.7.0/6.4.0/lto-wrapper
Target: x86_64-apple-darwin17.7.0
Configured with: ../configure --build=x86_64-apple-darwin17.7.0 --prefix=/usr/local/Cellar/gcc@6/6.4.0_2 --libdir=/usr/local/Cellar/gcc@6/6.4.0_2/lib/gcc/6 --enable-languages=c,c++,objc,obj-c++,fortran --program-suffix=-6 --with-gmp=/usr/local/opt/gmp --with-mpfr=/usr/local/opt/mpfr --with-mpc=/usr/local/opt/libmpc --with-isl=/usr/local/opt/isl --with-system-zlib --enable-stage1-checking --enable-checking=release --enable-lto --with-build-config=bootstrap-debug --disable-werror --with-pkgversion='Homebrew GCC 6.4.0_2' --with-bugurl=https://github.com/Homebrew/homebrew-core/issues --disable-nls --enable-multilib
Thread model: posix
gcc version 6.4.0 (Homebrew GCC 6.4.0_2) 
COMPILER_PATH=/usr/local/Cellar/gcc@6/6.4.0_2/libexec/gcc/x86_64-apple-darwin17.7.0/6.4.0/:/usr/local/Cellar/gcc@6/6.4.0_2/libexec/gcc/x86_64-apple-darwin17.7.0/6.4.0/:/usr/local/Cellar/gcc@6/6.4.0_2/libexec/gcc/x86_64-apple-darwin17.7.0/:/usr/local/Cellar/gcc@6/6.4.0_2/lib/gcc/6/gcc/x86_64-apple-darwin17.7.0/6.4.0/:/usr/local/Cellar/gcc@6/6.4.0_2/lib/gcc/6/gcc/x86_64-apple-darwin17.7.0/
LIBRARY_PATH=/usr/local/Cellar/gcc@6/6.4.0_2/lib/gcc/6/gcc/x86_64-apple-darwin17.7.0/6.4.0/:/usr/local/Cellar/gcc@6/6.4.0_2/lib/gcc/6/gcc/x86_64-apple-darwin17.7.0/6.4.0/../../../
COLLECT_GCC_OPTIONS='-v' '-o' 'cmTC_e8515' '-mmacosx-version-min=10.13.7' '-asm_macosx_version_min=10.13' '-mtune=core2'
 /usr/local/Cellar/gcc@6/6.4.0_2/libexec/gcc/x86_64-apple-darwin17.7.0/6.4.0/collect2 -dynamic -arch x86_64 -macosx_version_min 10.13.7 -weak_reference_mismatches non-weak -o cmTC_e8515 -L/usr/local/Cellar/gcc@6/6.4.0_2/lib/gcc/6/gcc/x86_64-apple-darwin17.7.0/6.4.0 -L/usr/local/Cellar/gcc@6/6.4.0_2/lib/gcc/6/gcc/x86_64-apple-darwin17.7.0/6.4.0/../../.. -search_paths_first -headerpad_max_install_names -v CMakeFiles/cmTC_e8515.dir/CMakeCCompilerABI.c.o -no_compact_unwind -lSystem -lgcc_ext.10.5 -lgcc -lSystem -v
collect2 version 6.4.0
/usr/bin/ld -dynamic -arch x86_64 -macosx_version_min 10.13.7 -weak_reference_mismatches non-weak -o cmTC_e8515 -L/usr/local/Cellar/gcc@6/6.4.0_2/lib/gcc/6/gcc/x86_64-apple-darwin17.7.0/6.4.0 -L/usr/local/Cellar/gcc@6/6.4.0_2/lib/gcc/6/gcc/x86_64-apple-darwin17.7.0/6.4.0/../../.. -search_paths_first -headerpad_max_install_names -v CMakeFiles/cmTC_e8515.dir/CMakeCCompilerABI.c.o -no_compact_unwind -lSystem -lgcc_ext.10.5 -lgcc -lSystem -v
@(#)PROGRAM:ld  PROJECT:ld64-409.12
BUILD 02:04:28 Aug 14 2018
configured to support archs: armv6 armv7 armv7s arm64 i386 x86_64 x86_64h armv6m armv7k armv7m armv7em arm64e arm64_32
@(#)PROGRAM:ld  PROJECT:ld64-409.12
BUILD 02:04:28 Aug 14 2018
configured to support archs: armv6 armv7 armv7s arm64 i386 x86_64 x86_64h armv6m armv7k armv7m armv7em arm64e arm64_32
Library search paths:
	/usr/local/Cellar/gcc@6/6.4.0_2/lib/gcc/6/gcc/x86_64-apple-darwin17.7.0/6.4.0
	/usr/local/Cellar/gcc@6/6.4.0_2/lib/gcc/6
	/usr/lib
	/usr/local/lib
Framework search paths:
	/Library/Frameworks/
	/System/Library/Frameworks/
 /usr/bin/nm -n CMakeFiles/cmTC_e8515.dir/CMakeCCompilerABI.c.o


Parsed C implicit link information from above output:
  link line regex: [^( *|.*[/\])(ld|CMAKE_LINK_STARTFILE-NOTFOUND|([^/\]+-)?ld|collect2)[^/\]*( |$)]
  ignore line: [Change Dir: /Users/alex/Documents/helpers_progect/PotreeConverter/cmake-build-gcc/CMakeFiles/CMakeTmp]
  ignore line: []
  ignore line: [Run Build Command:"/usr/bin/make" "cmTC_e8515/fast"]
  ignore line: [/Applications/Xcode.app/Contents/Developer/usr/bin/make -f CMakeFiles/cmTC_e8515.dir/build.make CMakeFiles/cmTC_e8515.dir/build]
  ignore line: [Building C object CMakeFiles/cmTC_e8515.dir/CMakeCCompilerABI.c.o]
  ignore line: [/usr/local/Cellar/gcc_6/6.4.0_2/bin/gcc-6    -o CMakeFiles/cmTC_e8515.dir/CMakeCCompilerABI.c.o   -c /Applications/CLion.app/Contents/bin/cmake/share/cmake-3.9/Modules/CMakeCCompilerABI.c]
  ignore line: [Linking C executable cmTC_e8515]
  ignore line: [/Applications/CLion.app/Contents/bin/cmake/bin/cmake -E cmake_link_script CMakeFiles/cmTC_e8515.dir/link.txt --verbose=1]
  ignore line: [/usr/local/Cellar/gcc_6/6.4.0_2/bin/gcc-6   -Wl,-search_paths_first -Wl,-headerpad_max_install_names  -v -Wl,-v CMakeFiles/cmTC_e8515.dir/CMakeCCompilerABI.c.o  -o cmTC_e8515 ]
  ignore line: [Using built-in specs.]
  ignore line: [COLLECT_GCC=/usr/local/Cellar/gcc_6/6.4.0_2/bin/gcc-6]
  ignore line: [COLLECT_LTO_WRAPPER=/usr/local/Cellar/gcc@6/6.4.0_2/libexec/gcc/x86_64-apple-darwin17.7.0/6.4.0/lto-wrapper]
  ignore line: [Target: x86_64-apple-darwin17.7.0]
  ignore line: [Configured with: ../configure --build=x86_64-apple-darwin17.7.0 --prefix=/usr/local/Cellar/gcc@6/6.4.0_2 --libdir=/usr/local/Cellar/gcc@6/6.4.0_2/lib/gcc/6 --enable-languages=c,c++,objc,obj-c++,fortran --program-suffix=-6 --with-gmp=/usr/local/opt/gmp --with-mpfr=/usr/local/opt/mpfr --with-mpc=/usr/local/opt/libmpc --with-isl=/usr/local/opt/isl --with-system-zlib --enable-stage1-checking --enable-checking=release --enable-lto --with-build-config=bootstrap-debug --disable-werror --with-pkgversion='Homebrew GCC 6.4.0_2' --with-bugurl=https://github.com/Homebrew/homebrew-core/issues --disable-nls --enable-multilib]
  ignore line: [Thread model: posix]
  ignore line: [gcc version 6.4.0 (Homebrew GCC 6.4.0_2) ]
  ignore line: [COMPILER_PATH=/usr/local/Cellar/gcc@6/6.4.0_2/libexec/gcc/x86_64-apple-darwin17.7.0/6.4.0/:/usr/local/Cellar/gcc@6/6.4.0_2/libexec/gcc/x86_64-apple-darwin17.7.0/6.4.0/:/usr/local/Cellar/gcc@6/6.4.0_2/libexec/gcc/x86_64-apple-darwin17.7.0/:/usr/local/Cellar/gcc@6/6.4.0_2/lib/gcc/6/gcc/x86_64-apple-darwin17.7.0/6.4.0/:/usr/local/Cellar/gcc@6/6.4.0_2/lib/gcc/6/gcc/x86_64-apple-darwin17.7.0/]
  ignore line: [LIBRARY_PATH=/usr/local/Cellar/gcc@6/6.4.0_2/lib/gcc/6/gcc/x86_64-apple-darwin17.7.0/6.4.0/:/usr/local/Cellar/gcc@6/6.4.0_2/lib/gcc/6/gcc/x86_64-apple-darwin17.7.0/6.4.0/../../../]
  ignore line: [COLLECT_GCC_OPTIONS='-v' '-o' 'cmTC_e8515' '-mmacosx-version-min=10.13.7' '-asm_macosx_version_min=10.13' '-mtune=core2']
  link line: [ /usr/local/Cellar/gcc@6/6.4.0_2/libexec/gcc/x86_64-apple-darwin17.7.0/6.4.0/collect2 -dynamic -arch x86_64 -macosx_version_min 10.13.7 -weak_reference_mismatches non-weak -o cmTC_e8515 -L/usr/local/Cellar/gcc@6/6.4.0_2/lib/gcc/6/gcc/x86_64-apple-darwin17.7.0/6.4.0 -L/usr/local/Cellar/gcc@6/6.4.0_2/lib/gcc/6/gcc/x86_64-apple-darwin17.7.0/6.4.0/../../.. -search_paths_first -headerpad_max_install_names -v CMakeFiles/cmTC_e8515.dir/CMakeCCompilerABI.c.o -no_compact_unwind -lSystem -lgcc_ext.10.5 -lgcc -lSystem -v]
    arg [/usr/local/Cellar/gcc@6/6.4.0_2/libexec/gcc/x86_64-apple-darwin17.7.0/6.4.0/collect2] ==> ignore
    arg [-dynamic] ==> ignore
    arg [-arch] ==> ignore
    arg [x86_64] ==> ignore
    arg [-macosx_version_min] ==> ignore
    arg [10.13.7] ==> ignore
    arg [-weak_reference_mismatches] ==> ignore
    arg [non-weak] ==> ignore
    arg [-o] ==> ignore
    arg [cmTC_e8515] ==> ignore
    arg [-L/usr/local/Cellar/gcc@6/6.4.0_2/lib/gcc/6/gcc/x86_64-apple-darwin17.7.0/6.4.0] ==> dir [/usr/local/Cellar/gcc@6/6.4.0_2/lib/gcc/6/gcc/x86_64-apple-darwin17.7.0/6.4.0]
    arg [-L/usr/local/Cellar/gcc@6/6.4.0_2/lib/gcc/6/gcc/x86_64-apple-darwin17.7.0/6.4.0/../../..] ==> dir [/usr/local/Cellar/gcc@6/6.4.0_2/lib/gcc/6/gcc/x86_64-apple-darwin17.7.0/6.4.0/../../..]
    arg [-search_paths_first] ==> ignore
    arg [-headerpad_max_install_names] ==> ignore
    arg [-v] ==> ignore
    arg [CMakeFiles/cmTC_e8515.dir/CMakeCCompilerABI.c.o] ==> ignore
    arg [-no_compact_unwind] ==> ignore
    arg [-lSystem] ==> lib [System]
    arg [-lgcc_ext.10.5] ==> lib [gcc_ext.10.5]
    arg [-lgcc] ==> lib [gcc]
    arg [-lSystem] ==> lib [System]
    arg [-v] ==> ignore
  Library search paths: [;/usr/local/Cellar/gcc@6/6.4.0_2/lib/gcc/6/gcc/x86_64-apple-darwin17.7.0/6.4.0;/usr/local/Cellar/gcc@6/6.4.0_2/lib/gcc/6;/usr/lib;/usr/local/lib]
  Framework search paths: [;/Library/Frameworks/;/System/Library/Frameworks/]
  remove lib [System]
  remove lib [System]
  collapse library dir [/usr/local/Cellar/gcc@6/6.4.0_2/lib/gcc/6/gcc/x86_64-apple-darwin17.7.0/6.4.0] ==> [/usr/local/Cellar/gcc@6/6.4.0_2/lib/gcc/6/gcc/x86_64-apple-darwin17.7.0/6.4.0]
  collapse library dir [/usr/local/Cellar/gcc@6/6.4.0_2/lib/gcc/6/gcc/x86_64-apple-darwin17.7.0/6.4.0/../../..] ==> [/usr/local/Cellar/gcc@6/6.4.0_2/lib/gcc/6]
  collapse library dir [/usr/local/Cellar/gcc@6/6.4.0_2/lib/gcc/6/gcc/x86_64-apple-darwin17.7.0/6.4.0] ==> [/usr/local/Cellar/gcc@6/6.4.0_2/lib/gcc/6/gcc/x86_64-apple-darwin17.7.0/6.4.0]
  collapse library dir [/usr/local/Cellar/gcc@6/6.4.0_2/lib/gcc/6] ==> [/usr/local/Cellar/gcc@6/6.4.0_2/lib/gcc/6]
  collapse library dir [/usr/lib] ==> [/usr/lib]
  collapse library dir [/usr/local/lib] ==> [/usr/local/lib]
  collapse framework dir [/Library/Frameworks/] ==> [/Library/Frameworks]
  collapse framework dir [/System/Library/Frameworks/] ==> [/System/Library/Frameworks]
  implicit libs: [gcc_ext.10.5;gcc]
  implicit dirs: [/usr/local/Cellar/gcc@6/6.4.0_2/lib/gcc/6/gcc/x86_64-apple-darwin17.7.0/6.4.0;/usr/local/Cellar/gcc@6/6.4.0_2/lib/gcc/6;/usr/lib;/usr/local/lib]
  implicit fwks: [/Library/Frameworks;/System/Library/Frameworks]




Detecting C [-std=c11] compiler features compiled with the following output:
Change Dir: /Users/alex/Documents/helpers_progect/PotreeConverter/cmake-build-gcc/CMakeFiles/CMakeTmp

Run Build Command:"/usr/bin/make" "cmTC_ba423/fast"
/Applications/Xcode.app/Contents/Developer/usr/bin/make -f CMakeFiles/cmTC_ba423.dir/build.make CMakeFiles/cmTC_ba423.dir/build
Building C object CMakeFiles/cmTC_ba423.dir/feature_tests.c.o
/usr/local/Cellar/gcc_6/6.4.0_2/bin/gcc-6   -std=c11 -o CMakeFiles/cmTC_ba423.dir/feature_tests.c.o   -c /Users/alex/Documents/helpers_progect/PotreeConverter/cmake-build-gcc/CMakeFiles/feature_tests.c
Linking C executable cmTC_ba423
/Applications/CLion.app/Contents/bin/cmake/bin/cmake -E cmake_link_script CMakeFiles/cmTC_ba423.dir/link.txt --verbose=1
/usr/local/Cellar/gcc_6/6.4.0_2/bin/gcc-6   -Wl,-search_paths_first -Wl,-headerpad_max_install_names   CMakeFiles/cmTC_ba423.dir/feature_tests.c.o  -o cmTC_ba423 


    Feature record: C_FEATURE:1c_function_prototypes
    Feature record: C_FEATURE:1c_restrict
    Feature record: C_FEATURE:1c_static_assert
    Feature record: C_FEATURE:1c_variadic_macros


Detecting C [-std=c99] compiler features compiled with the following output:
Change Dir: /Users/alex/Documents/helpers_progect/PotreeConverter/cmake-build-gcc/CMakeFiles/CMakeTmp

Run Build Command:"/usr/bin/make" "cmTC_2cba4/fast"
/Applications/Xcode.app/Contents/Developer/usr/bin/make -f CMakeFiles/cmTC_2cba4.dir/build.make CMakeFiles/cmTC_2cba4.dir/build
Building C object CMakeFiles/cmTC_2cba4.dir/feature_tests.c.o
/usr/local/Cellar/gcc_6/6.4.0_2/bin/gcc-6   -std=c99 -o CMakeFiles/cmTC_2cba4.dir/feature_tests.c.o   -c /Users/alex/Documents/helpers_progect/PotreeConverter/cmake-build-gcc/CMakeFiles/feature_tests.c
Linking C executable cmTC_2cba4
/Applications/CLion.app/Contents/bin/cmake/bin/cmake -E cmake_link_script CMakeFiles/cmTC_2cba4.dir/link.txt --verbose=1
/usr/local/Cellar/gcc_6/6.4.0_2/bin/gcc-6   -Wl,-search_paths_first -Wl,-headerpad_max_install_names   CMakeFiles/cmTC_2cba4.dir/feature_tests.c.o  -o cmTC_2cba4 


    Feature record: C_FEATURE:1c_function_prototypes
    Feature record: C_FEATURE:1c_restrict
    Feature record: C_FEATURE:0c_static_assert
    Feature record: C_FEATURE:1c_variadic_macros


Detecting C [-std=c90] compiler features compiled with the following output:
Change Dir: /Users/alex/Documents/helpers_progect/PotreeConverter/cmake-build-gcc/CMakeFiles/CMakeTmp

Run Build Command:"/usr/bin/make" "cmTC_d72f3/fast"
/Applications/Xcode.app/Contents/Developer/usr/bin/make -f CMakeFiles/cmTC_d72f3.dir/build.make CMakeFiles/cmTC_d72f3.dir/build
Building C object CMakeFiles/cmTC_d72f3.dir/feature_tests.c.o
/usr/local/Cellar/gcc_6/6.4.0_2/bin/gcc-6   -std=c90 -o CMakeFiles/cmTC_d72f3.dir/feature_tests.c.o   -c /Users/alex/Documents/helpers_progect/PotreeConverter/cmake-build-gcc/CMakeFiles/feature_tests.c
Linking C executable cmTC_d72f3
/Applications/CLion.app/Contents/bin/cmake/bin/cmake -E cmake_link_script CMakeFiles/cmTC_d72f3.dir/link.txt --verbose=1
/usr/local/Cellar/gcc_6/6.4.0_2/bin/gcc-6   -Wl,-search_paths_first -Wl,-headerpad_max_install_names   CMakeFiles/cmTC_d72f3.dir/feature_tests.c.o  -o cmTC_d72f3 


    Feature record: C_FEATURE:1c_function_prototypes
    Feature record: C_FEATURE:0c_restrict
    Feature record: C_FEATURE:0c_static_assert
    Feature record: C_FEATURE:0c_variadic_macros
Determining if the CXX compiler works passed with the following output:
Change Dir: /Users/alex/Documents/helpers_progect/PotreeConverter/cmake-build-gcc/CMakeFiles/CMakeTmp

Run Build Command:"/usr/bin/make" "cmTC_ecf25/fast"
/Applications/Xcode.app/Contents/Developer/usr/bin/make -f CMakeFiles/cmTC_ecf25.dir/build.make CMakeFiles/cmTC_ecf25.dir/build
Building CXX object CMakeFiles/cmTC_ecf25.dir/testCXXCompiler.cxx.o
/usr/local/Cellar/gcc_6/6.4.0_2/bin/g++-6     -o CMakeFiles/cmTC_ecf25.dir/testCXXCompiler.cxx.o -c /Users/alex/Documents/helpers_progect/PotreeConverter/cmake-build-gcc/CMakeFiles/CMakeTmp/testCXXCompiler.cxx
Linking CXX executable cmTC_ecf25
/Applications/CLion.app/Contents/bin/cmake/bin/cmake -E cmake_link_script CMakeFiles/cmTC_ecf25.dir/link.txt --verbose=1
/usr/local/Cellar/gcc_6/6.4.0_2/bin/g++-6    -Wl,-search_paths_first -Wl,-headerpad_max_install_names   CMakeFiles/cmTC_ecf25.dir/testCXXCompiler.cxx.o  -o cmTC_ecf25 


Detecting CXX compiler ABI info compiled with the following output:
Change Dir: /Users/alex/Documents/helpers_progect/PotreeConverter/cmake-build-gcc/CMakeFiles/CMakeTmp

Run Build Command:"/usr/bin/make" "cmTC_8bb25/fast"
/Applications/Xcode.app/Contents/Developer/usr/bin/make -f CMakeFiles/cmTC_8bb25.dir/build.make CMakeFiles/cmTC_8bb25.dir/build
Building CXX object CMakeFiles/cmTC_8bb25.dir/CMakeCXXCompilerABI.cpp.o
/usr/local/Cellar/gcc_6/6.4.0_2/bin/g++-6     -o CMakeFiles/cmTC_8bb25.dir/CMakeCXXCompilerABI.cpp.o -c /Applications/CLion.app/Contents/bin/cmake/share/cmake-3.9/Modules/CMakeCXXCompilerABI.cpp
Linking CXX executable cmTC_8bb25
/Applications/CLion.app/Contents/bin/cmake/bin/cmake -E cmake_link_script CMakeFiles/cmTC_8bb25.dir/link.txt --verbose=1
/usr/local/Cellar/gcc_6/6.4.0_2/bin/g++-6    -Wl,-search_paths_first -Wl,-headerpad_max_install_names  -v -Wl,-v CMakeFiles/cmTC_8bb25.dir/CMakeCXXCompilerABI.cpp.o  -o cmTC_8bb25 
Using built-in specs.
COLLECT_GCC=/usr/local/Cellar/gcc_6/6.4.0_2/bin/g++-6
COLLECT_LTO_WRAPPER=/usr/local/Cellar/gcc@6/6.4.0_2/libexec/gcc/x86_64-apple-darwin17.7.0/6.4.0/lto-wrapper
Target: x86_64-apple-darwin17.7.0
Configured with: ../configure --build=x86_64-apple-darwin17.7.0 --prefix=/usr/local/Cellar/gcc@6/6.4.0_2 --libdir=/usr/local/Cellar/gcc@6/6.4.0_2/lib/gcc/6 --enable-languages=c,c++,objc,obj-c++,fortran --program-suffix=-6 --with-gmp=/usr/local/opt/gmp --with-mpfr=/usr/local/opt/mpfr --with-mpc=/usr/local/opt/libmpc --with-isl=/usr/local/opt/isl --with-system-zlib --enable-stage1-checking --enable-checking=release --enable-lto --with-build-config=bootstrap-debug --disable-werror --with-pkgversion='Homebrew GCC 6.4.0_2' --with-bugurl=https://github.com/Homebrew/homebrew-core/issues --disable-nls --enable-multilib
Thread model: posix
gcc version 6.4.0 (Homebrew GCC 6.4.0_2) 
COMPILER_PATH=/usr/local/Cellar/gcc@6/6.4.0_2/libexec/gcc/x86_64-apple-darwin17.7.0/6.4.0/:/usr/local/Cellar/gcc@6/6.4.0_2/libexec/gcc/x86_64-apple-darwin17.7.0/6.4.0/:/usr/local/Cellar/gcc@6/6.4.0_2/libexec/gcc/x86_64-apple-darwin17.7.0/:/usr/local/Cellar/gcc@6/6.4.0_2/lib/gcc/6/gcc/x86_64-apple-darwin17.7.0/6.4.0/:/usr/local/Cellar/gcc@6/6.4.0_2/lib/gcc/6/gcc/x86_64-apple-darwin17.7.0/
LIBRARY_PATH=/usr/local/Cellar/gcc@6/6.4.0_2/lib/gcc/6/gcc/x86_64-apple-darwin17.7.0/6.4.0/:/usr/local/Cellar/gcc@6/6.4.0_2/lib/gcc/6/gcc/x86_64-apple-darwin17.7.0/6.4.0/../../../
COLLECT_GCC_OPTIONS='-v' '-o' 'cmTC_8bb25' '-mmacosx-version-min=10.13.7' '-asm_macosx_version_min=10.13' '-shared-libgcc' '-mtune=core2'
 /usr/local/Cellar/gcc@6/6.4.0_2/libexec/gcc/x86_64-apple-darwin17.7.0/6.4.0/collect2 -dynamic -arch x86_64 -macosx_version_min 10.13.7 -weak_reference_mismatches non-weak -o cmTC_8bb25 -L/usr/local/Cellar/gcc@6/6.4.0_2/lib/gcc/6/gcc/x86_64-apple-darwin17.7.0/6.4.0 -L/usr/local/Cellar/gcc@6/6.4.0_2/lib/gcc/6/gcc/x86_64-apple-darwin17.7.0/6.4.0/../../.. -search_paths_first -headerpad_max_install_names -v CMakeFiles/cmTC_8bb25.dir/CMakeCXXCompilerABI.cpp.o -lstdc++ -no_compact_unwind -lSystem -lgcc_ext.10.5 -lgcc -lSystem -v
collect2 version 6.4.0
/usr/bin/ld -dynamic -arch x86_64 -macosx_version_min 10.13.7 -weak_reference_mismatches non-weak -o cmTC_8bb25 -L/usr/local/Cellar/gcc@6/6.4.0_2/lib/gcc/6/gcc/x86_64-apple-darwin17.7.0/6.4.0 -L/usr/local/Cellar/gcc@6/6.4.0_2/lib/gcc/6/gcc/x86_64-apple-darwin17.7.0/6.4.0/../../.. -search_paths_first -headerpad_max_install_names -v CMakeFiles/cmTC_8bb25.dir/CMakeCXXCompilerABI.cpp.o -lstdc++ -no_compact_unwind -lSystem -lgcc_ext.10.5 -lgcc -lSystem -v
@(#)PROGRAM:ld  PROJECT:ld64-409.12
BUILD 02:04:28 Aug 14 2018
configured to support archs: armv6 armv7 armv7s arm64 i386 x86_64 x86_64h armv6m armv7k armv7m armv7em arm64e arm64_32
@(#)PROGRAM:ld  PROJECT:ld64-409.12
BUILD 02:04:28 Aug 14 2018
configured to support archs: armv6 armv7 armv7s arm64 i386 x86_64 x86_64h armv6m armv7k armv7m armv7em arm64e arm64_32
Library search paths:
	/usr/local/Cellar/gcc@6/6.4.0_2/lib/gcc/6/gcc/x86_64-apple-darwin17.7.0/6.4.0
	/usr/local/Cellar/gcc@6/6.4.0_2/lib/gcc/6
	/usr/lib
	/usr/local/lib
Framework search paths:
	/Library/Frameworks/
	/System/Library/Frameworks/
 /usr/bin/nm -n CMakeFiles/cmTC_8bb25.dir/CMakeCXXCompilerABI.cpp.o


Parsed CXX implicit link information from above output:
  link line regex: [^( *|.*[/\])(ld|CMAKE_LINK_STARTFILE-NOTFOUND|([^/\]+-)?ld|collect2)[^/\]*( |$)]
  ignore line: [Change Dir: /Users/alex/Documents/helpers_progect/PotreeConverter/cmake-build-gcc/CMakeFiles/CMakeTmp]
  ignore line: []
  ignore line: [Run Build Command:"/usr/bin/make" "cmTC_8bb25/fast"]
  ignore line: [/Applications/Xcode.app/Contents/Developer/usr/bin/make -f CMakeFiles/cmTC_8bb25.dir/build.make CMakeFiles/cmTC_8bb25.dir/build]
  ignore line: [Building CXX object CMakeFiles/cmTC_8bb25.dir/CMakeCXXCompilerABI.cpp.o]
  ignore line: [/usr/local/Cellar/gcc_6/6.4.0_2/bin/g++-6     -o CMakeFiles/cmTC_8bb25.dir/CMakeCXXCompilerABI.cpp.o -c /Applications/CLion.app/Contents/bin/cmake/share/cmake-3.9/Modules/CMakeCXXCompilerABI.cpp]
  ignore line: [Linking CXX executable cmTC_8bb25]
  ignore line: [/Applications/CLion.app/Contents/bin/cmake/bin/cmake -E cmake_link_script CMakeFiles/cmTC_8bb25.dir/link.txt --verbose=1]
  ignore line: [/usr/local/Cellar/gcc_6/6.4.0_2/bin/g++-6    -Wl,-search_paths_first -Wl,-headerpad_max_install_names  -v -Wl,-v CMakeFiles/cmTC_8bb25.dir/CMakeCXXCompilerABI.cpp.o  -o cmTC_8bb25 ]
  ignore line: [Using built-in specs.]
  ignore line: [COLLECT_GCC=/usr/local/Cellar/gcc_6/6.4.0_2/bin/g++-6]
  ignore line: [COLLECT_LTO_WRAPPER=/usr/local/Cellar/gcc@6/6.4.0_2/libexec/gcc/x86_64-apple-darwin17.7.0/6.4.0/lto-wrapper]
  ignore line: [Target: x86_64-apple-darwin17.7.0]
  ignore line: [Configured with: ../configure --build=x86_64-apple-darwin17.7.0 --prefix=/usr/local/Cellar/gcc@6/6.4.0_2 --libdir=/usr/local/Cellar/gcc@6/6.4.0_2/lib/gcc/6 --enable-languages=c,c++,objc,obj-c++,fortran --program-suffix=-6 --with-gmp=/usr/local/opt/gmp --with-mpfr=/usr/local/opt/mpfr --with-mpc=/usr/local/opt/libmpc --with-isl=/usr/local/opt/isl --with-system-zlib --enable-stage1-checking --enable-checking=release --enable-lto --with-build-config=bootstrap-debug --disable-werror --with-pkgversion='Homebrew GCC 6.4.0_2' --with-bugurl=https://github.com/Homebrew/homebrew-core/issues --disable-nls --enable-multilib]
  ignore line: [Thread model: posix]
  ignore line: [gcc version 6.4.0 (Homebrew GCC 6.4.0_2) ]
  ignore line: [COMPILER_PATH=/usr/local/Cellar/gcc@6/6.4.0_2/libexec/gcc/x86_64-apple-darwin17.7.0/6.4.0/:/usr/local/Cellar/gcc@6/6.4.0_2/libexec/gcc/x86_64-apple-darwin17.7.0/6.4.0/:/usr/local/Cellar/gcc@6/6.4.0_2/libexec/gcc/x86_64-apple-darwin17.7.0/:/usr/local/Cellar/gcc@6/6.4.0_2/lib/gcc/6/gcc/x86_64-apple-darwin17.7.0/6.4.0/:/usr/local/Cellar/gcc@6/6.4.0_2/lib/gcc/6/gcc/x86_64-apple-darwin17.7.0/]
  ignore line: [LIBRARY_PATH=/usr/local/Cellar/gcc@6/6.4.0_2/lib/gcc/6/gcc/x86_64-apple-darwin17.7.0/6.4.0/:/usr/local/Cellar/gcc@6/6.4.0_2/lib/gcc/6/gcc/x86_64-apple-darwin17.7.0/6.4.0/../../../]
  ignore line: [COLLECT_GCC_OPTIONS='-v' '-o' 'cmTC_8bb25' '-mmacosx-version-min=10.13.7' '-asm_macosx_version_min=10.13' '-shared-libgcc' '-mtune=core2']
  link line: [ /usr/local/Cellar/gcc@6/6.4.0_2/libexec/gcc/x86_64-apple-darwin17.7.0/6.4.0/collect2 -dynamic -arch x86_64 -macosx_version_min 10.13.7 -weak_reference_mismatches non-weak -o cmTC_8bb25 -L/usr/local/Cellar/gcc@6/6.4.0_2/lib/gcc/6/gcc/x86_64-apple-darwin17.7.0/6.4.0 -L/usr/local/Cellar/gcc@6/6.4.0_2/lib/gcc/6/gcc/x86_64-apple-darwin17.7.0/6.4.0/../../.. -search_paths_first -headerpad_max_install_names -v CMakeFiles/cmTC_8bb25.dir/CMakeCXXCompilerABI.cpp.o -lstdc++ -no_compact_unwind -lSystem -lgcc_ext.10.5 -lgcc -lSystem -v]
    arg [/usr/local/Cellar/gcc@6/6.4.0_2/libexec/gcc/x86_64-apple-darwin17.7.0/6.4.0/collect2] ==> ignore
    arg [-dynamic] ==> ignore
    arg [-arch] ==> ignore
    arg [x86_64] ==> ignore
    arg [-macosx_version_min] ==> ignore
    arg [10.13.7] ==> ignore
    arg [-weak_reference_mismatches] ==> ignore
    arg [non-weak] ==> ignore
    arg [-o] ==> ignore
    arg [cmTC_8bb25] ==> ignore
    arg [-L/usr/local/Cellar/gcc@6/6.4.0_2/lib/gcc/6/gcc/x86_64-apple-darwin17.7.0/6.4.0] ==> dir [/usr/local/Cellar/gcc@6/6.4.0_2/lib/gcc/6/gcc/x86_64-apple-darwin17.7.0/6.4.0]
    arg [-L/usr/local/Cellar/gcc@6/6.4.0_2/lib/gcc/6/gcc/x86_64-apple-darwin17.7.0/6.4.0/../../..] ==> dir [/usr/local/Cellar/gcc@6/6.4.0_2/lib/gcc/6/gcc/x86_64-apple-darwin17.7.0/6.4.0/../../..]
    arg [-search_paths_first] ==> ignore
    arg [-headerpad_max_install_names] ==> ignore
    arg [-v] ==> ignore
    arg [CMakeFiles/cmTC_8bb25.dir/CMakeCXXCompilerABI.cpp.o] ==> ignore
    arg [-lstdc++] ==> lib [stdc++]
    arg [-no_compact_unwind] ==> ignore
    arg [-lSystem] ==> lib [System]
    arg [-lgcc_ext.10.5] ==> lib [gcc_ext.10.5]
    arg [-lgcc] ==> lib [gcc]
    arg [-lSystem] ==> lib [System]
    arg [-v] ==> ignore
  Library search paths: [;/usr/local/Cellar/gcc@6/6.4.0_2/lib/gcc/6/gcc/x86_64-apple-darwin17.7.0/6.4.0;/usr/local/Cellar/gcc@6/6.4.0_2/lib/gcc/6;/usr/lib;/usr/local/lib]
  Framework search paths: [;/Library/Frameworks/;/System/Library/Frameworks/]
  remove lib [System]
  remove lib [System]
  collapse library dir [/usr/local/Cellar/gcc@6/6.4.0_2/lib/gcc/6/gcc/x86_64-apple-darwin17.7.0/6.4.0] ==> [/usr/local/Cellar/gcc@6/6.4.0_2/lib/gcc/6/gcc/x86_64-apple-darwin17.7.0/6.4.0]
  collapse library dir [/usr/local/Cellar/gcc@6/6.4.0_2/lib/gcc/6/gcc/x86_64-apple-darwin17.7.0/6.4.0/../../..] ==> [/usr/local/Cellar/gcc@6/6.4.0_2/lib/gcc/6]
  collapse library dir [/usr/local/Cellar/gcc@6/6.4.0_2/lib/gcc/6/gcc/x86_64-apple-darwin17.7.0/6.4.0] ==> [/usr/local/Cellar/gcc@6/6.4.0_2/lib/gcc/6/gcc/x86_64-apple-darwin17.7.0/6.4.0]
  collapse library dir [/usr/local/Cellar/gcc@6/6.4.0_2/lib/gcc/6] ==> [/usr/local/Cellar/gcc@6/6.4.0_2/lib/gcc/6]
  collapse library dir [/usr/lib] ==> [/usr/lib]
  collapse library dir [/usr/local/lib] ==> [/usr/local/lib]
  collapse framework dir [/Library/Frameworks/] ==> [/Library/Frameworks]
  collapse framework dir [/System/Library/Frameworks/] ==> [/System/Library/Frameworks]
  implicit libs: [stdc++;gcc_ext.10.5;gcc]
  implicit dirs: [/usr/local/Cellar/gcc@6/6.4.0_2/lib/gcc/6/gcc/x86_64-apple-darwin17.7.0/6.4.0;/usr/local/Cellar/gcc@6/6.4.0_2/lib/gcc/6;/usr/lib;/usr/local/lib]
  implicit fwks: [/Library/Frameworks;/System/Library/Frameworks]




Detecting CXX [-std=c++1z] compiler features compiled with the following output:
Change Dir: /Users/alex/Documents/helpers_progect/PotreeConverter/cmake-build-gcc/CMakeFiles/CMakeTmp

Run Build Command:"/usr/bin/make" "cmTC_053b9/fast"
/Applications/Xcode.app/Contents/Developer/usr/bin/make -f CMakeFiles/cmTC_053b9.dir/build.make CMakeFiles/cmTC_053b9.dir/build
Building CXX object CMakeFiles/cmTC_053b9.dir/feature_tests.cxx.o
/usr/local/Cellar/gcc_6/6.4.0_2/bin/g++-6    -std=c++1z -o CMakeFiles/cmTC_053b9.dir/feature_tests.cxx.o -c /Users/alex/Documents/helpers_progect/PotreeConverter/cmake-build-gcc/CMakeFiles/feature_tests.cxx
Linking CXX executable cmTC_053b9
/Applications/CLion.app/Contents/bin/cmake/bin/cmake -E cmake_link_script CMakeFiles/cmTC_053b9.dir/link.txt --verbose=1
/usr/local/Cellar/gcc_6/6.4.0_2/bin/g++-6    -Wl,-search_paths_first -Wl,-headerpad_max_install_names   CMakeFiles/cmTC_053b9.dir/feature_tests.cxx.o  -o cmTC_053b9 


    Feature record: CXX_FEATURE:1cxx_aggregate_default_initializers
    Feature record: CXX_FEATURE:1cxx_alias_templates
    Feature record: CXX_FEATURE:1cxx_alignas
    Feature record: CXX_FEATURE:1cxx_alignof
    Feature record: CXX_FEATURE:1cxx_attributes
    Feature record: CXX_FEATURE:1cxx_attribute_deprecated
    Feature record: CXX_FEATURE:1cxx_auto_type
    Feature record: CXX_FEATURE:1cxx_binary_literals
    Feature record: CXX_FEATURE:1cxx_constexpr
    Feature record: CXX_FEATURE:1cxx_contextual_conversions
    Feature record: CXX_FEATURE:1cxx_decltype
    Feature record: CXX_FEATURE:1cxx_decltype_auto
    Feature record: CXX_FEATURE:1cxx_decltype_incomplete_return_types
    Feature record: CXX_FEATURE:1cxx_default_function_template_args
    Feature record: CXX_FEATURE:1cxx_defaulted_functions
    Feature record: CXX_FEATURE:1cxx_defaulted_move_initializers
    Feature record: CXX_FEATURE:1cxx_delegating_constructors
    Feature record: CXX_FEATURE:1cxx_deleted_functions
    Feature record: CXX_FEATURE:1cxx_digit_separators
    Feature record: CXX_FEATURE:1cxx_enum_forward_declarations
    Feature record: CXX_FEATURE:1cxx_explicit_conversions
    Feature record: CXX_FEATURE:1cxx_extended_friend_declarations
    Feature record: CXX_FEATURE:1cxx_extern_templates
    Feature record: CXX_FEATURE:1cxx_final
    Feature record: CXX_FEATURE:1cxx_func_identifier
    Feature record: CXX_FEATURE:1cxx_generalized_initializers
    Feature record: CXX_FEATURE:1cxx_generic_lambdas
    Feature record: CXX_FEATURE:1cxx_inheriting_constructors
    Feature record: CXX_FEATURE:1cxx_inline_namespaces
    Feature record: CXX_FEATURE:1cxx_lambdas
    Feature record: CXX_FEATURE:1cxx_lambda_init_captures
    Feature record: CXX_FEATURE:1cxx_local_type_template_args
    Feature record: CXX_FEATURE:1cxx_long_long_type
    Feature record: CXX_FEATURE:1cxx_noexcept
    Feature record: CXX_FEATURE:1cxx_nonstatic_member_init
    Feature record: CXX_FEATURE:1cxx_nullptr
    Feature record: CXX_FEATURE:1cxx_override
    Feature record: CXX_FEATURE:1cxx_range_for
    Feature record: CXX_FEATURE:1cxx_raw_string_literals
    Feature record: CXX_FEATURE:1cxx_reference_qualified_functions
    Feature record: CXX_FEATURE:1cxx_relaxed_constexpr
    Feature record: CXX_FEATURE:1cxx_return_type_deduction
    Feature record: CXX_FEATURE:1cxx_right_angle_brackets
    Feature record: CXX_FEATURE:1cxx_rvalue_references
    Feature record: CXX_FEATURE:1cxx_sizeof_member
    Feature record: CXX_FEATURE:1cxx_static_assert
    Feature record: CXX_FEATURE:1cxx_strong_enums
    Feature record: CXX_FEATURE:1cxx_template_template_parameters
    Feature record: CXX_FEATURE:1cxx_thread_local
    Feature record: CXX_FEATURE:1cxx_trailing_return_types
    Feature record: CXX_FEATURE:1cxx_unicode_literals
    Feature record: CXX_FEATURE:1cxx_uniform_initialization
    Feature record: CXX_FEATURE:1cxx_unrestricted_unions
    Feature record: CXX_FEATURE:1cxx_user_literals
    Feature record: CXX_FEATURE:1cxx_variable_templates
    Feature record: CXX_FEATURE:1cxx_variadic_macros
    Feature record: CXX_FEATURE:1cxx_variadic_templates


Detecting CXX [-std=c++14] compiler features compiled with the following output:
Change Dir: /Users/alex/Documents/helpers_progect/PotreeConverter/cmake-build-gcc/CMakeFiles/CMakeTmp

Run Build Command:"/usr/bin/make" "cmTC_64921/fast"
/Applications/Xcode.app/Contents/Developer/usr/bin/make -f CMakeFiles/cmTC_64921.dir/build.make CMakeFiles/cmTC_64921.dir/build
Building CXX object CMakeFiles/cmTC_64921.dir/feature_tests.cxx.o
/usr/local/Cellar/gcc_6/6.4.0_2/bin/g++-6    -std=c++14 -o CMakeFiles/cmTC_64921.dir/feature_tests.cxx.o -c /Users/alex/Documents/helpers_progect/PotreeConverter/cmake-build-gcc/CMakeFiles/feature_tests.cxx
Linking CXX executable cmTC_64921
/Applications/CLion.app/Contents/bin/cmake/bin/cmake -E cmake_link_script CMakeFiles/cmTC_64921.dir/link.txt --verbose=1
/usr/local/Cellar/gcc_6/6.4.0_2/bin/g++-6    -Wl,-search_paths_first -Wl,-headerpad_max_install_names   CMakeFiles/cmTC_64921.dir/feature_tests.cxx.o  -o cmTC_64921 


    Feature record: CXX_FEATURE:1cxx_aggregate_default_initializers
    Feature record: CXX_FEATURE:1cxx_alias_templates
    Feature record: CXX_FEATURE:1cxx_alignas
    Feature record: CXX_FEATURE:1cxx_alignof
    Feature record: CXX_FEATURE:1cxx_attributes
    Feature record: CXX_FEATURE:1cxx_attribute_deprecated
    Feature record: CXX_FEATURE:1cxx_auto_type
    Feature record: CXX_FEATURE:1cxx_binary_literals
    Feature record: CXX_FEATURE:1cxx_constexpr
    Feature record: CXX_FEATURE:1cxx_contextual_conversions
    Feature record: CXX_FEATURE:1cxx_decltype
    Feature record: CXX_FEATURE:1cxx_decltype_auto
    Feature record: CXX_FEATURE:1cxx_decltype_incomplete_return_types
    Feature record: CXX_FEATURE:1cxx_default_function_template_args
    Feature record: CXX_FEATURE:1cxx_defaulted_functions
    Feature record: CXX_FEATURE:1cxx_defaulted_move_initializers
    Feature record: CXX_FEATURE:1cxx_delegating_constructors
    Feature record: CXX_FEATURE:1cxx_deleted_functions
    Feature record: CXX_FEATURE:1cxx_digit_separators
    Feature record: CXX_FEATURE:1cxx_enum_forward_declarations
    Feature record: CXX_FEATURE:1cxx_explicit_conversions
    Feature record: CXX_FEATURE:1cxx_extended_friend_declarations
    Feature record: CXX_FEATURE:1cxx_extern_templates
    Feature record: CXX_FEATURE:1cxx_final
    Feature record: CXX_FEATURE:1cxx_func_identifier
    Feature record: CXX_FEATURE:1cxx_generalized_initializers
    Feature record: CXX_FEATURE:1cxx_generic_lambdas
    Feature record: CXX_FEATURE:1cxx_inheriting_constructors
    Feature record: CXX_FEATURE:1cxx_inline_namespaces
    Feature record: CXX_FEATURE:1cxx_lambdas
    Feature record: CXX_FEATURE:1cxx_lambda_init_captures
    Feature record: CXX_FEATURE:1cxx_local_type_template_args
    Feature record: CXX_FEATURE:1cxx_long_long_type
    Feature record: CXX_FEATURE:1cxx_noexcept
    Feature record: CXX_FEATURE:1cxx_nonstatic_member_init
    Feature record: CXX_FEATURE:1cxx_nullptr
    Feature record: CXX_FEATURE:1cxx_override
    Feature record: CXX_FEATURE:1cxx_range_for
    Feature record: CXX_FEATURE:1cxx_raw_string_literals
    Feature record: CXX_FEATURE:1cxx_reference_qualified_functions
    Feature record: CXX_FEATURE:1cxx_relaxed_constexpr
    Feature record: CXX_FEATURE:1cxx_return_type_deduction
    Feature record: CXX_FEATURE:1cxx_right_angle_brackets
    Feature record: CXX_FEATURE:1cxx_rvalue_references
    Feature record: CXX_FEATURE:1cxx_sizeof_member
    Feature record: CXX_FEATURE:1cxx_static_assert
    Feature record: CXX_FEATURE:1cxx_strong_enums
    Feature record: CXX_FEATURE:1cxx_template_template_parameters
    Feature record: CXX_FEATURE:1cxx_thread_local
    Feature record: CXX_FEATURE:1cxx_trailing_return_types
    Feature record: CXX_FEATURE:1cxx_unicode_literals
    Feature record: CXX_FEATURE:1cxx_uniform_initialization
    Feature record: CXX_FEATURE:1cxx_unrestricted_unions
    Feature record: CXX_FEATURE:1cxx_user_literals
    Feature record: CXX_FEATURE:1cxx_variable_templates
    Feature record: CXX_FEATURE:1cxx_variadic_macros
    Feature record: CXX_FEATURE:1cxx_variadic_templates


Detecting CXX [-std=c++11] compiler features compiled with the following output:
Change Dir: /Users/alex/Documents/helpers_progect/PotreeConverter/cmake-build-gcc/CMakeFiles/CMakeTmp

Run Build Command:"/usr/bin/make" "cmTC_a4306/fast"
/Applications/Xcode.app/Contents/Developer/usr/bin/make -f CMakeFiles/cmTC_a4306.dir/build.make CMakeFiles/cmTC_a4306.dir/build
Building CXX object CMakeFiles/cmTC_a4306.dir/feature_tests.cxx.o
/usr/local/Cellar/gcc_6/6.4.0_2/bin/g++-6    -std=c++11 -o CMakeFiles/cmTC_a4306.dir/feature_tests.cxx.o -c /Users/alex/Documents/helpers_progect/PotreeConverter/cmake-build-gcc/CMakeFiles/feature_tests.cxx
Linking CXX executable cmTC_a4306
/Applications/CLion.app/Contents/bin/cmake/bin/cmake -E cmake_link_script CMakeFiles/cmTC_a4306.dir/link.txt --verbose=1
/usr/local/Cellar/gcc_6/6.4.0_2/bin/g++-6    -Wl,-search_paths_first -Wl,-headerpad_max_install_names   CMakeFiles/cmTC_a4306.dir/feature_tests.cxx.o  -o cmTC_a4306 


    Feature record: CXX_FEATURE:0cxx_aggregate_default_initializers
    Feature record: CXX_FEATURE:1cxx_alias_templates
    Feature record: CXX_FEATURE:1cxx_alignas
    Feature record: CXX_FEATURE:1cxx_alignof
    Feature record: CXX_FEATURE:1cxx_attributes
    Feature record: CXX_FEATURE:0cxx_attribute_deprecated
    Feature record: CXX_FEATURE:1cxx_auto_type
    Feature record: CXX_FEATURE:0cxx_binary_literals
    Feature record: CXX_FEATURE:1cxx_constexpr
    Feature record: CXX_FEATURE:0cxx_contextual_conversions
    Feature record: CXX_FEATURE:1cxx_decltype
    Feature record: CXX_FEATURE:0cxx_decltype_auto
    Feature record: CXX_FEATURE:1cxx_decltype_incomplete_return_types
    Feature record: CXX_FEATURE:1cxx_default_function_template_args
    Feature record: CXX_FEATURE:1cxx_defaulted_functions
    Feature record: CXX_FEATURE:1cxx_defaulted_move_initializers
    Feature record: CXX_FEATURE:1cxx_delegating_constructors
    Feature record: CXX_FEATURE:1cxx_deleted_functions
    Feature record: CXX_FEATURE:0cxx_digit_separators
    Feature record: CXX_FEATURE:1cxx_enum_forward_declarations
    Feature record: CXX_FEATURE:1cxx_explicit_conversions
    Feature record: CXX_FEATURE:1cxx_extended_friend_declarations
    Feature record: CXX_FEATURE:1cxx_extern_templates
    Feature record: CXX_FEATURE:1cxx_final
    Feature record: CXX_FEATURE:1cxx_func_identifier
    Feature record: CXX_FEATURE:1cxx_generalized_initializers
    Feature record: CXX_FEATURE:0cxx_generic_lambdas
    Feature record: CXX_FEATURE:1cxx_inheriting_constructors
    Feature record: CXX_FEATURE:1cxx_inline_namespaces
    Feature record: CXX_FEATURE:1cxx_lambdas
    Feature record: CXX_FEATURE:0cxx_lambda_init_captures
    Feature record: CXX_FEATURE:1cxx_local_type_template_args
    Feature record: CXX_FEATURE:1cxx_long_long_type
    Feature record: CXX_FEATURE:1cxx_noexcept
    Feature record: CXX_FEATURE:1cxx_nonstatic_member_init
    Feature record: CXX_FEATURE:1cxx_nullptr
    Feature record: CXX_FEATURE:1cxx_override
    Feature record: CXX_FEATURE:1cxx_range_for
    Feature record: CXX_FEATURE:1cxx_raw_string_literals
    Feature record: CXX_FEATURE:1cxx_reference_qualified_functions
    Feature record: CXX_FEATURE:0cxx_relaxed_constexpr
    Feature record: CXX_FEATURE:0cxx_return_type_deduction
    Feature record: CXX_FEATURE:1cxx_right_angle_brackets
    Feature record: CXX_FEATURE:1cxx_rvalue_references
    Feature record: CXX_FEATURE:1cxx_sizeof_member
    Feature record: CXX_FEATURE:1cxx_static_assert
    Feature record: CXX_FEATURE:1cxx_strong_enums
    Feature record: CXX_FEATURE:1cxx_template_template_parameters
    Feature record: CXX_FEATURE:1cxx_thread_local
    Feature record: CXX_FEATURE:1cxx_trailing_return_types
    Feature record: CXX_FEATURE:1cxx_unicode_literals
    Feature record: CXX_FEATURE:1cxx_uniform_initialization
    Feature record: CXX_FEATURE:1cxx_unrestricted_unions
    Feature record: CXX_FEATURE:1cxx_user_literals
    Feature record: CXX_FEATURE:0cxx_variable_templates
    Feature record: CXX_FEATURE:1cxx_variadic_macros
    Feature record: CXX_FEATURE:1cxx_variadic_templates


Detecting CXX [-std=c++98] compiler features compiled with the following output:
Change Dir: /Users/alex/Documents/helpers_progect/PotreeConverter/cmake-build-gcc/CMakeFiles/CMakeTmp

Run Build Command:"/usr/bin/make" "cmTC_bad74/fast"
/Applications/Xcode.app/Contents/Developer/usr/bin/make -f CMakeFiles/cmTC_bad74.dir/build.make CMakeFiles/cmTC_bad74.dir/build
Building CXX object CMakeFiles/cmTC_bad74.dir/feature_tests.cxx.o
/usr/local/Cellar/gcc_6/6.4.0_2/bin/g++-6    -std=c++98 -o CMakeFiles/cmTC_bad74.dir/feature_tests.cxx.o -c /Users/alex/Documents/helpers_progect/PotreeConverter/cmake-build-gcc/CMakeFiles/feature_tests.cxx
Linking CXX executable cmTC_bad74
/Applications/CLion.app/Contents/bin/cmake/bin/cmake -E cmake_link_script CMakeFiles/cmTC_bad74.dir/link.txt --verbose=1
/usr/local/Cellar/gcc_6/6.4.0_2/bin/g++-6    -Wl,-search_paths_first -Wl,-headerpad_max_install_names   CMakeFiles/cmTC_bad74.dir/feature_tests.cxx.o  -o cmTC_bad74 


    Feature record: CXX_FEATURE:0cxx_aggregate_default_initializers
    Feature record: CXX_FEATURE:0cxx_alias_templates
    Feature record: CXX_FEATURE:0cxx_alignas
    Feature record: CXX_FEATURE:0cxx_alignof
    Feature record: CXX_FEATURE:0cxx_attributes
    Feature record: CXX_FEATURE:0cxx_attribute_deprecated
    Feature record: CXX_FEATURE:0cxx_auto_type
    Feature record: CXX_FEATURE:0cxx_binary_literals
    Feature record: CXX_FEATURE:0cxx_constexpr
    Feature record: CXX_FEATURE:0cxx_contextual_conversions
    Feature record: CXX_FEATURE:0cxx_decltype
    Feature record: CXX_FEATURE:0cxx_decltype_auto
    Feature record: CXX_FEATURE:0cxx_decltype_incomplete_return_types
    Feature record: CXX_FEATURE:0cxx_default_function_template_args
    Feature record: CXX_FEATURE:0cxx_defaulted_functions
    Feature record: CXX_FEATURE:0cxx_defaulted_move_initializers
    Feature record: CXX_FEATURE:0cxx_delegating_constructors
    Feature record: CXX_FEATURE:0cxx_deleted_functions
    Feature record: CXX_FEATURE:0cxx_digit_separators
    Feature record: CXX_FEATURE:0cxx_enum_forward_declarations
    Feature record: CXX_FEATURE:0cxx_explicit_conversions
    Feature record: CXX_FEATURE:0cxx_extended_friend_declarations
    Feature record: CXX_FEATURE:0cxx_extern_templates
    Feature record: CXX_FEATURE:0cxx_final
    Feature record: CXX_FEATURE:0cxx_func_identifier
    Feature record: CXX_FEATURE:0cxx_generalized_initializers
    Feature record: CXX_FEATURE:0cxx_generic_lambdas
    Feature record: CXX_FEATURE:0cxx_inheriting_constructors
    Feature record: CXX_FEATURE:0cxx_inline_namespaces
    Feature record: CXX_FEATURE:0cxx_lambdas
    Feature record: CXX_FEATURE:0cxx_lambda_init_captures
    Feature record: CXX_FEATURE:0cxx_local_type_template_args
    Feature record: CXX_FEATURE:0cxx_long_long_type
    Feature record: CXX_FEATURE:0cxx_noexcept
    Feature record: CXX_FEATURE:0cxx_nonstatic_member_init
    Feature record: CXX_FEATURE:0cxx_nullptr
    Feature record: CXX_FEATURE:0cxx_override
    Feature record: CXX_FEATURE:0cxx_range_for
    Feature record: CXX_FEATURE:0cxx_raw_string_literals
    Feature record: CXX_FEATURE:0cxx_reference_qualified_functions
    Feature record: CXX_FEATURE:0cxx_relaxed_constexpr
    Feature record: CXX_FEATURE:0cxx_return_type_deduction
    Feature record: CXX_FEATURE:0cxx_right_angle_brackets
    Feature record: CXX_FEATURE:0cxx_rvalue_references
    Feature record: CXX_FEATURE:0cxx_sizeof_member
    Feature record: CXX_FEATURE:0cxx_static_assert
    Feature record: CXX_FEATURE:0cxx_strong_enums
    Feature record: CXX_FEATURE:1cxx_template_template_parameters
    Feature record: CXX_FEATURE:0cxx_thread_local
    Feature record: CXX_FEATURE:0cxx_trailing_return_types
    Feature record: CXX_FEATURE:0cxx_unicode_literals
    Feature record: CXX_FEATURE:0cxx_uniform_initialization
    Feature record: CXX_FEATURE:0cxx_unrestricted_unions
    Feature record: CXX_FEATURE:0cxx_user_literals
    Feature record: CXX_FEATURE:0cxx_variable_templates
    Feature record: CXX_FEATURE:0cxx_variadic_macros
    Feature record: CXX_FEATURE:0cxx_variadic_templates
